<?xml version="1.0" encoding="UTF-8"?>
<testsuite name="ExamTest" tests="129" skipped="0" failures="0" errors="0" timestamp="2023-09-19T04:57:00" hostname="LENOVO-IDEAPAD-" time="15.394">
  <properties/>
  <testcase name="Latihan 1" classname="ExamTest" time="0.023"/>
  <testcase name="Latihan 1" classname="ExamTest" time="0.001"/>
  <testcase name="Latihan 1" classname="ExamTest" time="0.003"/>
  <testcase name="Latihan 1" classname="ExamTest" time="0.001"/>
  <testcase name="Latihan 1" classname="ExamTest" time="0.002"/>
  <testcase name="Latihan 1" classname="ExamTest" time="0.001"/>
  <testcase name="Latihan 1" classname="ExamTest" time="0.001"/>
  <testcase name="Latihan 1" classname="ExamTest" time="0.001"/>
  <testcase name="Latihan 1" classname="ExamTest" time="0.002"/>
  <testcase name="Latihan 1" classname="ExamTest" time="0.001"/>
  <testcase name="Latihan 1" classname="ExamTest" time="0.001"/>
  <testcase name="Latihan 1" classname="ExamTest" time="0.001"/>
  <testcase name="Latihan 1" classname="ExamTest" time="0.001"/>
  <testcase name="Latihan 1" classname="ExamTest" time="0.001"/>
  <testcase name="Latihan 1" classname="ExamTest" time="0.001"/>
  <testcase name="Latihan 1" classname="ExamTest" time="0.001"/>
  <testcase name="Latihan 1" classname="ExamTest" time="0.001"/>
  <testcase name="Latihan 1" classname="ExamTest" time="0.0"/>
  <testcase name="Latihan 1" classname="ExamTest" time="0.001"/>
  <testcase name="Latihan 1" classname="ExamTest" time="0.001"/>
  <testcase name="Latihan 1" classname="ExamTest" time="0.001"/>
  <testcase name="Latihan 1" classname="ExamTest" time="0.001"/>
  <testcase name="Latihan 1" classname="ExamTest" time="0.001"/>
  <testcase name="Latihan 1" classname="ExamTest" time="0.0"/>
  <testcase name="Latihan 1" classname="ExamTest" time="0.001"/>
  <testcase name="Latihan 1" classname="ExamTest" time="0.001"/>
  <testcase name="Latihan 1" classname="ExamTest" time="0.001"/>
  <testcase name="Latihan 1" classname="ExamTest" time="0.001"/>
  <testcase name="Latihan 1" classname="ExamTest" time="0.003"/>
  <testcase name="Latihan 1" classname="ExamTest" time="0.001"/>
  <testcase name="Latihan 1" classname="ExamTest" time="0.0"/>
  <testcase name="Latihan 1" classname="ExamTest" time="0.001"/>
  <testcase name="Latihan 1" classname="ExamTest" time="0.001"/>
  <testcase name="Latihan 1" classname="ExamTest" time="0.001"/>
  <testcase name="Latihan 1" classname="ExamTest" time="0.001"/>
  <testcase name="Latihan 1" classname="ExamTest" time="0.0"/>
  <testcase name="Latihan 1" classname="ExamTest" time="0.0"/>
  <testcase name="Latihan 1" classname="ExamTest" time="0.001"/>
  <testcase name="Latihan 1" classname="ExamTest" time="0.0"/>
  <testcase name="Latihan 1" classname="ExamTest" time="0.003"/>
  <testcase name="Latihan 1" classname="ExamTest" time="0.003"/>
  <testcase name="Latihan 1" classname="ExamTest" time="0.004"/>
  <testcase name="Latihan 1" classname="ExamTest" time="0.001"/>
  <testcase name="Latihan 1" classname="ExamTest" time="0.001"/>
  <testcase name="Latihan 1" classname="ExamTest" time="0.001"/>
  <testcase name="Latihan 1" classname="ExamTest" time="0.001"/>
  <testcase name="Latihan 1" classname="ExamTest" time="0.001"/>
  <testcase name="Latihan 1" classname="ExamTest" time="0.0"/>
  <testcase name="Latihan 1" classname="ExamTest" time="0.0"/>
  <testcase name="Latihan 1" classname="ExamTest" time="0.002"/>
  <testcase name="Latihan 1" classname="ExamTest" time="0.001"/>
  <testcase name="Latihan 1" classname="ExamTest" time="0.001"/>
  <testcase name="Latihan 1" classname="ExamTest" time="0.0"/>
  <testcase name="Latihan 1" classname="ExamTest" time="0.001"/>
  <testcase name="Latihan 1" classname="ExamTest" time="0.001"/>
  <testcase name="Latihan 1" classname="ExamTest" time="0.0"/>
  <testcase name="Latihan 1" classname="ExamTest" time="0.001"/>
  <testcase name="Latihan 1" classname="ExamTest" time="0.001"/>
  <testcase name="Latihan 1" classname="ExamTest" time="0.003"/>
  <testcase name="Latihan 1" classname="ExamTest" time="0.002"/>
  <testcase name="Latihan 1" classname="ExamTest" time="0.001"/>
  <testcase name="Latihan 1" classname="ExamTest" time="0.001"/>
  <testcase name="Latihan 1" classname="ExamTest" time="0.001"/>
  <testcase name="Latihan 1" classname="ExamTest" time="0.001"/>
  <testcase name="Latihan 1" classname="ExamTest" time="0.001"/>
  <testcase name="Latihan 1" classname="ExamTest" time="0.001"/>
  <testcase name="Latihan 1" classname="ExamTest" time="0.0"/>
  <testcase name="Latihan 1" classname="ExamTest" time="0.001"/>
  <testcase name="Latihan 1" classname="ExamTest" time="0.001"/>
  <testcase name="Latihan 1" classname="ExamTest" time="0.0"/>
  <testcase name="Latihan 1" classname="ExamTest" time="0.0"/>
  <testcase name="Latihan 1" classname="ExamTest" time="0.0"/>
  <testcase name="Latihan 1" classname="ExamTest" time="0.0"/>
  <testcase name="Latihan 1" classname="ExamTest" time="0.0"/>
  <testcase name="Latihan 1" classname="ExamTest" time="0.0"/>
  <testcase name="Latihan 1" classname="ExamTest" time="0.0"/>
  <testcase name="Latihan 1" classname="ExamTest" time="0.001"/>
  <testcase name="Latihan 1" classname="ExamTest" time="0.002"/>
  <testcase name="Latihan 1" classname="ExamTest" time="0.0"/>
  <testcase name="Latihan 1" classname="ExamTest" time="0.0"/>
  <testcase name="Latihan 1" classname="ExamTest" time="0.0"/>
  <testcase name="Latihan 1" classname="ExamTest" time="0.0"/>
  <testcase name="Latihan 1" classname="ExamTest" time="0.0"/>
  <testcase name="Latihan 1" classname="ExamTest" time="0.001"/>
  <testcase name="Latihan 1" classname="ExamTest" time="0.001"/>
  <testcase name="Latihan 1" classname="ExamTest" time="0.001"/>
  <testcase name="Latihan 1" classname="ExamTest" time="0.002"/>
  <testcase name="Latihan 1" classname="ExamTest" time="0.001"/>
  <testcase name="Latihan 1" classname="ExamTest" time="0.001"/>
  <testcase name="Latihan 1" classname="ExamTest" time="0.001"/>
  <testcase name="Latihan 1" classname="ExamTest" time="0.0"/>
  <testcase name="Latihan 1" classname="ExamTest" time="0.001"/>
  <testcase name="Latihan 1" classname="ExamTest" time="0.001"/>
  <testcase name="Latihan 1" classname="ExamTest" time="0.008"/>
  <testcase name="Latihan 1" classname="ExamTest" time="0.002"/>
  <testcase name="Latihan 1" classname="ExamTest" time="0.001"/>
  <testcase name="Latihan 1" classname="ExamTest" time="0.001"/>
  <testcase name="Latihan 1" classname="ExamTest" time="0.002"/>
  <testcase name="Latihan 1" classname="ExamTest" time="0.001"/>
  <testcase name="Latihan 1" classname="ExamTest" time="0.0"/>
  <testcase name="Latihan 1" classname="ExamTest" time="0.0"/>
  <testcase name="Latihan 1" classname="ExamTest" time="0.0"/>
  <testcase name="Latihan 1" classname="ExamTest" time="0.0"/>
  <testcase name="Latihan 1" classname="ExamTest" time="0.0"/>
  <testcase name="Latihan 1" classname="ExamTest" time="0.001"/>
  <testcase name="Latihan 1" classname="ExamTest" time="0.001"/>
  <testcase name="Latihan 1" classname="ExamTest" time="0.001"/>
  <testcase name="Latihan 1" classname="ExamTest" time="0.001"/>
  <testcase name="Latihan 1" classname="ExamTest" time="0.001"/>
  <testcase name="Latihan 1" classname="ExamTest" time="0.001"/>
  <testcase name="Latihan 1" classname="ExamTest" time="0.003"/>
  <testcase name="Latihan 2" classname="ExamTest" time="0.002"/>
  <testcase name="Latihan 2" classname="ExamTest" time="0.001"/>
  <testcase name="Latihan 2" classname="ExamTest" time="0.001"/>
  <testcase name="Latihan 3" classname="ExamTest" time="0.002"/>
  <testcase name="Latihan 3" classname="ExamTest" time="0.0"/>
  <testcase name="Latihan 3" classname="ExamTest" time="0.0"/>
  <testcase name="Latihan 3" classname="ExamTest" time="0.0"/>
  <testcase name="Latihan 3" classname="ExamTest" time="0.0"/>
  <testcase name="Latihan 4" classname="ExamTest" time="0.004"/>
  <testcase name="Latihan 4" classname="ExamTest" time="0.001"/>
  <testcase name="Latihan 4" classname="ExamTest" time="0.001"/>
  <testcase name="Latihan 4" classname="ExamTest" time="0.0"/>
  <testcase name="Latihan 5" classname="ExamTest" time="3.019"/>
  <testcase name="Latihan 5" classname="ExamTest" time="3.023"/>
  <testcase name="Latihan 5" classname="ExamTest" time="3.013"/>
  <testcase name="Latihan 5" classname="ExamTest" time="2.015"/>
  <testcase name="Latihan 5" classname="ExamTest" time="2.008"/>
  <testcase name="Latihan 5" classname="ExamTest" time="2.013"/>
  <system-out><![CDATA[]]></system-out>
  <system-err><![CDATA[]]></system-err>
</testsuite>
